2013/06/20 13:18:30 [error] [exception.CException] exception 'CException' with message 'CAssetManager.basePath "/home/jacky/Sites/yii/apfreelancer/assets" is invalid. Please make sure the directory exists and is writable by the Web server process.' in /home/jacky/Sites/yii/framework/web/CAssetManager.php:138
Stack trace:
#0 /home/jacky/Sites/yii/framework/web/CAssetManager.php(123): CAssetManager->setBasePath('/home/jacky/Sit...')
#1 /home/jacky/Sites/yii/framework/web/CAssetManager.php(217): CAssetManager->getBasePath()
#2 /home/jacky/Sites/yii/framework/gii/GiiModule.php(142): CAssetManager->publish('/home/jacky/Sit...')
#3 /home/jacky/Sites/yii/framework/base/CComponent.php(111): GiiModule->getAssetsUrl()
#4 /home/jacky/Sites/yii/framework/base/CModule.php(105): CComponent->__get('assetsUrl')
#5 /home/jacky/Sites/yii/framework/gii/views/layouts/main.php(5): CModule->__get('assetsUrl')
#6 /home/jacky/Sites/yii/framework/web/CBaseController.php(126): require('/home/jacky/Sit...')
#7 /home/jacky/Sites/yii/framework/web/CBaseController.php(95): CBaseController->renderInternal('/home/jacky/Sit...', Array, true)
#8 /home/jacky/Sites/yii/framework/web/widgets/CContentDecorator.php(76): CBaseController->renderFile('/home/jacky/Sit...', Array, true)
#9 /home/jacky/Sites/yii/framework/web/widgets/CContentDecorator.php(54): CContentDecorator->decorate('<div class="con...')
#10 /home/jacky/Sites/yii/framework/web/widgets/COutputProcessor.php(44): CContentDecorator->processOutput('<div class="con...')
#11 /home/jacky/Sites/yii/framework/web/CBaseController.php(206): COutputProcessor->run()
#12 /home/jacky/Sites/yii/framework/web/CBaseController.php(300): CBaseController->endWidget('CContentDecorat...')
#13 /home/jacky/Sites/yii/framework/gii/views/layouts/generator.php(25): CBaseController->endContent()
#14 /home/jacky/Sites/yii/framework/web/CBaseController.php(126): require('/home/jacky/Sit...')
#15 /home/jacky/Sites/yii/framework/web/CBaseController.php(95): CBaseController->renderInternal('/home/jacky/Sit...', Array, true)
#16 /home/jacky/Sites/yii/framework/web/CController.php(784): CBaseController->renderFile('/home/jacky/Sit...', Array, true)
#17 /home/jacky/Sites/yii/framework/gii/CCodeGenerator.php(72): CController->render('index', Array)
#18 /home/jacky/Sites/yii/framework/web/actions/CInlineAction.php(49): CCodeGenerator->actionIndex()
#19 /home/jacky/Sites/yii/framework/web/CController.php(308): CInlineAction->runWithParams(Array)
#20 /home/jacky/Sites/yii/framework/web/CController.php(286): CController->runAction(Object(CInlineAction))
#21 /home/jacky/Sites/yii/framework/web/CController.php(265): CController->runActionWithFilters(Object(CInlineAction), Array)
#22 /home/jacky/Sites/yii/framework/web/CWebApplication.php(282): CController->run('')
#23 /home/jacky/Sites/yii/framework/web/CWebApplication.php(141): CWebApplication->runController('gii/module')
#24 /home/jacky/Sites/yii/framework/base/CApplication.php(169): CWebApplication->processRequest()
#25 /home/jacky/Sites/yii/apfreelancer/index.php(13): CApplication->run()
#26 {main}
REQUEST_URI=/index.php?r=gii/module
HTTP_REFERER=http://yii/index.php?r=gii/module
---
2013/06/20 15:01:45 [error] [exception.CDbException] exception 'CDbException' with message 'CDbConnection failed to open the DB connection: could not find driver' in /home/jacky/Sites/yii/framework/db/CDbConnection.php:381
Stack trace:
#0 /home/jacky/Sites/yii/framework/db/CDbConnection.php(330): CDbConnection->open()
#1 /home/jacky/Sites/yii/framework/db/CDbConnection.php(308): CDbConnection->setActive(true)
#2 /home/jacky/Sites/yii/framework/base/CModule.php(387): CDbConnection->init()
#3 /home/jacky/Sites/yii/framework/cli/commands/MigrateCommand.php(442): CModule->getComponent('db')
#4 /home/jacky/Sites/yii/framework/cli/commands/MigrateCommand.php(451): MigrateCommand->getDbConnection()
#5 /home/jacky/Sites/yii/framework/cli/commands/MigrateCommand.php(482): MigrateCommand->getMigrationHistory(-1)
#6 /home/jacky/Sites/yii/framework/cli/commands/MigrateCommand.php(84): MigrateCommand->getNewMigrations()
#7 [internal function]: MigrateCommand->actionUp(Array)
#8 /home/jacky/Sites/yii/framework/console/CConsoleCommand.php(172): ReflectionMethod->invokeArgs(Object(MigrateCommand), Array)
#9 /home/jacky/Sites/yii/framework/console/CConsoleCommandRunner.php(67): CConsoleCommand->run(Array)
#10 /home/jacky/Sites/yii/framework/console/CConsoleApplication.php(91): CConsoleCommandRunner->run(Array)
#11 /home/jacky/Sites/yii/framework/base/CApplication.php(169): CConsoleApplication->processRequest()
#12 /home/jacky/Sites/yii/framework/yiic.php(33): CApplication->run()
#13 /home/jacky/Sites/yii/apfreelancer/protected/yiic.php(7): require_once('/home/jacky/Sit...')
#14 {main}
---
2013/06/20 15:03:44 [error] [system.db.CDbCommand] CDbCommand::fetchAll() failed: SQLSTATE[42S02]: Base table or view not found: 1146 Table 'apfreelancer.tbl_migration' doesn't exist. The SQL statement executed was: SHOW FULL COLUMNS FROM `tbl_migration`.
2013/06/20 15:03:47 [error] [php] file_get_contents(../data/apfreelancer.sql): failed to open stream: No such file or directory (/home/jacky/Sites/yii/apfreelancer/protected/migrations/m130620_035034_init_database.php:8)
Stack trace:
#0 /home/jacky/Sites/yii/framework/cli/commands/MigrateCommand.php(109): MigrateCommand->migrateUp()
#1 unknown(0): MigrateCommand->actionUp()
#2 /home/jacky/Sites/yii/framework/console/CConsoleCommand.php(172): ReflectionMethod->invokeArgs()
#3 /home/jacky/Sites/yii/framework/console/CConsoleCommandRunner.php(67): MigrateCommand->run()
#4 /home/jacky/Sites/yii/framework/console/CConsoleApplication.php(91): CConsoleCommandRunner->run()
#5 /home/jacky/Sites/yii/framework/base/CApplication.php(169): CConsoleApplication->processRequest()
#6 /home/jacky/Sites/yii/framework/yiic.php(33): CConsoleApplication->run()
#7 /home/jacky/Sites/yii/apfreelancer/protected/yiic.php(7): require_once()

2013/06/20 15:04:35 [error] [php] file_get_contents(../data/apfreelancer.sql): failed to open stream: No such file or directory (/home/jacky/Sites/yii/apfreelancer/protected/migrations/m130620_035034_init_database.php:9)
Stack trace:
#0 /home/jacky/Sites/yii/framework/cli/commands/MigrateCommand.php(109): MigrateCommand->migrateUp()
#1 unknown(0): MigrateCommand->actionUp()
#2 /home/jacky/Sites/yii/framework/console/CConsoleCommand.php(172): ReflectionMethod->invokeArgs()
#3 /home/jacky/Sites/yii/framework/console/CConsoleCommandRunner.php(67): MigrateCommand->run()
#4 /home/jacky/Sites/yii/framework/console/CConsoleApplication.php(91): CConsoleCommandRunner->run()
#5 /home/jacky/Sites/yii/framework/base/CApplication.php(169): CConsoleApplication->processRequest()
#6 /home/jacky/Sites/yii/framework/yiic.php(33): CConsoleApplication->run()
#7 /home/jacky/Sites/yii/apfreelancer/protected/yiic.php(7): require_once()

2013/06/20 15:06:17 [error] [php] Use of undefined constant CDbMigration - assumed 'CDbMigration' (/home/jacky/Sites/yii/apfreelancer/protected/migrations/m130620_035034_init_database.php:11)
Stack trace:
#0 unknown(0): MigrateCommand->actionUp()
#1 /home/jacky/Sites/yii/framework/console/CConsoleCommand.php(172): ReflectionMethod->invokeArgs()
#2 /home/jacky/Sites/yii/framework/console/CConsoleCommandRunner.php(67): MigrateCommand->run()
#3 /home/jacky/Sites/yii/framework/console/CConsoleApplication.php(91): CConsoleCommandRunner->run()
#4 /home/jacky/Sites/yii/framework/base/CApplication.php(169): CConsoleApplication->processRequest()
#5 /home/jacky/Sites/yii/framework/yiic.php(33): CConsoleApplication->run()
#6 /home/jacky/Sites/yii/apfreelancer/protected/yiic.php(7): require_once()

2013/06/20 15:11:13 [error] [exception.Exception] exception 'Exception' with message 'failed' in /home/jacky/Sites/yii/apfreelancer/protected/migrations/m130620_035034_init_database.php:22
Stack trace:
#0 /home/jacky/Sites/yii/framework/cli/commands/MigrateCommand.php(410): m130620_035034_init_database->down()
#1 /home/jacky/Sites/yii/framework/cli/commands/MigrateCommand.php(145): MigrateCommand->migrateDown('m130620_035034_...')
#2 [internal function]: MigrateCommand->actionDown(Array)
#3 /home/jacky/Sites/yii/framework/console/CConsoleCommand.php(172): ReflectionMethod->invokeArgs(Object(MigrateCommand), Array)
#4 /home/jacky/Sites/yii/framework/console/CConsoleCommandRunner.php(67): CConsoleCommand->run(Array)
#5 /home/jacky/Sites/yii/framework/console/CConsoleApplication.php(91): CConsoleCommandRunner->run(Array)
#6 /home/jacky/Sites/yii/framework/base/CApplication.php(169): CConsoleApplication->processRequest()
#7 /home/jacky/Sites/yii/framework/yiic.php(33): CApplication->run()
#8 /home/jacky/Sites/yii/apfreelancer/protected/yiic.php(7): require_once('/home/jacky/Sit...')
#9 {main}
---
2013/06/20 15:14:33 [error] [php] Undefined variable: tables (/home/jacky/Sites/yii/apfreelancer/protected/migrations/m130620_035034_init_database.php:24)
Stack trace:
#0 unknown(0): MigrateCommand->actionDown()
#1 /home/jacky/Sites/yii/framework/console/CConsoleCommand.php(172): ReflectionMethod->invokeArgs()
#2 /home/jacky/Sites/yii/framework/console/CConsoleCommandRunner.php(67): MigrateCommand->run()
#3 /home/jacky/Sites/yii/framework/console/CConsoleApplication.php(91): CConsoleCommandRunner->run()
#4 /home/jacky/Sites/yii/framework/base/CApplication.php(169): CConsoleApplication->processRequest()
#5 /home/jacky/Sites/yii/framework/yiic.php(33): CConsoleApplication->run()
#6 /home/jacky/Sites/yii/apfreelancer/protected/yiic.php(7): require_once()

2013/06/20 15:15:10 [error] [php] Undefined variable: tables (/home/jacky/Sites/yii/apfreelancer/protected/migrations/m130620_035034_init_database.php:26)
Stack trace:
#0 unknown(0): MigrateCommand->actionDown()
#1 /home/jacky/Sites/yii/framework/console/CConsoleCommand.php(172): ReflectionMethod->invokeArgs()
#2 /home/jacky/Sites/yii/framework/console/CConsoleCommandRunner.php(67): MigrateCommand->run()
#3 /home/jacky/Sites/yii/framework/console/CConsoleApplication.php(91): CConsoleCommandRunner->run()
#4 /home/jacky/Sites/yii/framework/base/CApplication.php(169): CConsoleApplication->processRequest()
#5 /home/jacky/Sites/yii/framework/yiic.php(33): CConsoleApplication->run()
#6 /home/jacky/Sites/yii/apfreelancer/protected/yiic.php(7): require_once()

2013/06/20 17:03:36 [error] [system.db.CDbCommand] CDbCommand::execute() failed: SQLSTATE[42000]: Syntax error or access violation: 1064 You have an error in your SQL syntax; check the manual that corresponds to your MySQL server version for the right syntax to use near 'group' at line 1. The SQL statement executed was: DROP TABLE group;.
2013/06/20 17:03:36 [error] [exception.CDbException] exception 'CDbException' with message 'CDbCommand failed to execute the SQL statement: SQLSTATE[42000]: Syntax error or access violation: 1064 You have an error in your SQL syntax; check the manual that corresponds to your MySQL server version for the right syntax to use near 'group' at line 1. The SQL statement executed was: DROP TABLE group;' in /home/jacky/Sites/yii/framework/db/CDbCommand.php:357
Stack trace:
#0 /home/jacky/Sites/yii/framework/db/CDbMigration.php(159): CDbCommand->execute(Array)
#1 /home/jacky/Sites/yii/apfreelancer/protected/migrations/m130620_035034_init_database.php(24): CDbMigration->execute('DROP TABLE grou...')
#2 /home/jacky/Sites/yii/framework/cli/commands/MigrateCommand.php(410): m130620_035034_init_database->down()
#3 /home/jacky/Sites/yii/framework/cli/commands/MigrateCommand.php(145): MigrateCommand->migrateDown('m130620_035034_...')
#4 [internal function]: MigrateCommand->actionDown(Array)
#5 /home/jacky/Sites/yii/framework/console/CConsoleCommand.php(172): ReflectionMethod->invokeArgs(Object(MigrateCommand), Array)
#6 /home/jacky/Sites/yii/framework/console/CConsoleCommandRunner.php(67): CConsoleCommand->run(Array)
#7 /home/jacky/Sites/yii/framework/console/CConsoleApplication.php(91): CConsoleCommandRunner->run(Array)
#8 /home/jacky/Sites/yii/framework/base/CApplication.php(169): CConsoleApplication->processRequest()
#9 /home/jacky/Sites/yii/framework/yiic.php(33): CApplication->run()
#10 /home/jacky/Sites/yii/apfreelancer/protected/yiic.php(7): require_once('/home/jacky/Sit...')
#11 {main}
---
2013/06/20 17:04:28 [error] [system.db.CDbCommand] CDbCommand::fetchAll() failed: SQLSTATE[42S02]: Base table or view not found: 1146 Table 'apfreelancer.tbl_migration' doesn't exist. The SQL statement executed was: SHOW FULL COLUMNS FROM `tbl_migration`.
2013/06/20 17:04:39 [error] [system.db.CDbCommand] CDbCommand::execute() failed: SQLSTATE[42000]: Syntax error or access violation: 1064 You have an error in your SQL syntax; check the manual that corresponds to your MySQL server version for the right syntax to use near 'group' at line 1. The SQL statement executed was: DROP TABLE group;.
2013/06/20 17:04:39 [error] [exception.CDbException] exception 'CDbException' with message 'CDbCommand failed to execute the SQL statement: SQLSTATE[42000]: Syntax error or access violation: 1064 You have an error in your SQL syntax; check the manual that corresponds to your MySQL server version for the right syntax to use near 'group' at line 1. The SQL statement executed was: DROP TABLE group;' in /home/jacky/Sites/yii/framework/db/CDbCommand.php:357
Stack trace:
#0 /home/jacky/Sites/yii/framework/db/CDbMigration.php(159): CDbCommand->execute(Array)
#1 /home/jacky/Sites/yii/apfreelancer/protected/migrations/m130620_035034_init_database.php(24): CDbMigration->execute('DROP TABLE grou...')
#2 /home/jacky/Sites/yii/framework/cli/commands/MigrateCommand.php(410): m130620_035034_init_database->down()
#3 /home/jacky/Sites/yii/framework/cli/commands/MigrateCommand.php(145): MigrateCommand->migrateDown('m130620_035034_...')
#4 [internal function]: MigrateCommand->actionDown(Array)
#5 /home/jacky/Sites/yii/framework/console/CConsoleCommand.php(172): ReflectionMethod->invokeArgs(Object(MigrateCommand), Array)
#6 /home/jacky/Sites/yii/framework/console/CConsoleCommandRunner.php(67): CConsoleCommand->run(Array)
#7 /home/jacky/Sites/yii/framework/console/CConsoleApplication.php(91): CConsoleCommandRunner->run(Array)
#8 /home/jacky/Sites/yii/framework/base/CApplication.php(169): CConsoleApplication->processRequest()
#9 /home/jacky/Sites/yii/framework/yiic.php(33): CApplication->run()
#10 /home/jacky/Sites/yii/apfreelancer/protected/yiic.php(7): require_once('/home/jacky/Sit...')
#11 {main}
---
2013/06/20 17:07:10 [error] [system.db.CDbCommand] CDbCommand::fetchAll() failed: SQLSTATE[42S02]: Base table or view not found: 1146 Table 'apfreelancer.tbl_migration' doesn't exist. The SQL statement executed was: SHOW FULL COLUMNS FROM `tbl_migration`.
2013/06/20 17:07:32 [error] [system.db.CDbCommand] CDbCommand::execute() failed: SQLSTATE[42000]: Syntax error or access violation: 1064 You have an error in your SQL syntax; check the manual that corresponds to your MySQL server version for the right syntax to use near 'group' at line 1. The SQL statement executed was: DROP TABLE group;.
2013/06/20 17:07:32 [error] [exception.CDbException] exception 'CDbException' with message 'CDbCommand failed to execute the SQL statement: SQLSTATE[42000]: Syntax error or access violation: 1064 You have an error in your SQL syntax; check the manual that corresponds to your MySQL server version for the right syntax to use near 'group' at line 1. The SQL statement executed was: DROP TABLE group;' in /home/jacky/Sites/yii/framework/db/CDbCommand.php:357
Stack trace:
#0 /home/jacky/Sites/yii/framework/db/CDbMigration.php(159): CDbCommand->execute(Array)
#1 /home/jacky/Sites/yii/apfreelancer/protected/migrations/m130620_035034_init_database.php(24): CDbMigration->execute('DROP TABLE grou...')
#2 /home/jacky/Sites/yii/framework/cli/commands/MigrateCommand.php(410): m130620_035034_init_database->down()
#3 /home/jacky/Sites/yii/framework/cli/commands/MigrateCommand.php(145): MigrateCommand->migrateDown('m130620_035034_...')
#4 [internal function]: MigrateCommand->actionDown(Array)
#5 /home/jacky/Sites/yii/framework/console/CConsoleCommand.php(172): ReflectionMethod->invokeArgs(Object(MigrateCommand), Array)
#6 /home/jacky/Sites/yii/framework/console/CConsoleCommandRunner.php(67): CConsoleCommand->run(Array)
#7 /home/jacky/Sites/yii/framework/console/CConsoleApplication.php(91): CConsoleCommandRunner->run(Array)
#8 /home/jacky/Sites/yii/framework/base/CApplication.php(169): CConsoleApplication->processRequest()
#9 /home/jacky/Sites/yii/framework/yiic.php(33): CApplication->run()
#10 /home/jacky/Sites/yii/apfreelancer/protected/yiic.php(7): require_once('/home/jacky/Sit...')
#11 {main}
---
2013/06/20 17:08:08 [error] [system.db.CDbCommand] CDbCommand::fetchAll() failed: SQLSTATE[42S02]: Base table or view not found: 1146 Table 'apfreelancer.tbl_migration' doesn't exist. The SQL statement executed was: SHOW FULL COLUMNS FROM `tbl_migration`.
2013/06/24 17:28:46 [error] [exception.CHttpException.404] exception 'CHttpException' with message 'Unable to resolve the request "index".' in /home/jacky/Sites/yii/framework/web/CWebApplication.php:286
Stack trace:
#0 /home/jacky/Sites/yii/framework/web/CWebApplication.php(141): CWebApplication->runController('')
#1 /home/jacky/Sites/yii/framework/base/CApplication.php(169): CWebApplication->processRequest()
#2 /home/jacky/Sites/yii/apfreelancer/index.php(13): CApplication->run()
#3 {main}
REQUEST_URI=/
---
2013/06/24 17:34:04 [error] [exception.CException] exception 'CException' with message 'IndexController cannot find the requested view "edit".' in /home/jacky/Sites/yii/framework/web/CController.php:878
Stack trace:
#0 /home/jacky/Sites/yii/framework/web/CController.php(782): CController->renderPartial('edit', Array, true)
#1 /home/jacky/Sites/yii/apfreelancer/protected/controllers/IndexController.php(20): CController->render('edit', Array)
#2 /home/jacky/Sites/yii/framework/web/actions/CInlineAction.php(49): IndexController->actionIndex()
#3 /home/jacky/Sites/yii/framework/web/CController.php(308): CInlineAction->runWithParams(Array)
#4 /home/jacky/Sites/yii/framework/web/CController.php(286): CController->runAction(Object(CInlineAction))
#5 /home/jacky/Sites/yii/framework/web/CController.php(265): CController->runActionWithFilters(Object(CInlineAction), Array)
#6 /home/jacky/Sites/yii/framework/web/CWebApplication.php(282): CController->run('')
#7 /home/jacky/Sites/yii/framework/web/CWebApplication.php(141): CWebApplication->runController('')
#8 /home/jacky/Sites/yii/framework/base/CApplication.php(169): CWebApplication->processRequest()
#9 /home/jacky/Sites/yii/apfreelancer/index.php(13): CApplication->run()
#10 {main}
REQUEST_URI=/
---
2013/06/24 17:34:12 [error] [exception.CException] exception 'CException' with message 'IndexController cannot find the requested view "index".' in /home/jacky/Sites/yii/framework/web/CController.php:878
Stack trace:
#0 /home/jacky/Sites/yii/framework/web/CController.php(782): CController->renderPartial('index', Array, true)
#1 /home/jacky/Sites/yii/apfreelancer/protected/controllers/IndexController.php(20): CController->render('index', Array)
#2 /home/jacky/Sites/yii/framework/web/actions/CInlineAction.php(49): IndexController->actionIndex()
#3 /home/jacky/Sites/yii/framework/web/CController.php(308): CInlineAction->runWithParams(Array)
#4 /home/jacky/Sites/yii/framework/web/CController.php(286): CController->runAction(Object(CInlineAction))
#5 /home/jacky/Sites/yii/framework/web/CController.php(265): CController->runActionWithFilters(Object(CInlineAction), Array)
#6 /home/jacky/Sites/yii/framework/web/CWebApplication.php(282): CController->run('')
#7 /home/jacky/Sites/yii/framework/web/CWebApplication.php(141): CWebApplication->runController('')
#8 /home/jacky/Sites/yii/framework/base/CApplication.php(169): CWebApplication->processRequest()
#9 /home/jacky/Sites/yii/apfreelancer/index.php(13): CApplication->run()
#10 {main}
REQUEST_URI=/
---
2013/06/24 17:39:54 [error] [exception.CException] exception 'CException' with message 'IndexController cannot find the requested view "index".' in /home/jacky/Sites/yii/framework/web/CController.php:878
Stack trace:
#0 /home/jacky/Sites/yii/framework/web/CController.php(782): CController->renderPartial('index', Array, true)
#1 /home/jacky/Sites/yii/apfreelancer/protected/controllers/IndexController.php(20): CController->render('index', Array)
#2 /home/jacky/Sites/yii/framework/web/actions/CInlineAction.php(49): IndexController->actionIndex()
#3 /home/jacky/Sites/yii/framework/web/CController.php(308): CInlineAction->runWithParams(Array)
#4 /home/jacky/Sites/yii/framework/web/CController.php(286): CController->runAction(Object(CInlineAction))
#5 /home/jacky/Sites/yii/framework/web/CController.php(265): CController->runActionWithFilters(Object(CInlineAction), Array)
#6 /home/jacky/Sites/yii/framework/web/CWebApplication.php(282): CController->run('')
#7 /home/jacky/Sites/yii/framework/web/CWebApplication.php(141): CWebApplication->runController('')
#8 /home/jacky/Sites/yii/framework/base/CApplication.php(169): CWebApplication->processRequest()
#9 /home/jacky/Sites/yii/apfreelancer/index.php(13): CApplication->run()
#10 {main}
REQUEST_URI=/
---
2013/06/24 17:39:55 [error] [exception.CException] exception 'CException' with message 'IndexController cannot find the requested view "index".' in /home/jacky/Sites/yii/framework/web/CController.php:878
Stack trace:
#0 /home/jacky/Sites/yii/framework/web/CController.php(782): CController->renderPartial('index', Array, true)
#1 /home/jacky/Sites/yii/apfreelancer/protected/controllers/IndexController.php(20): CController->render('index', Array)
#2 /home/jacky/Sites/yii/framework/web/actions/CInlineAction.php(49): IndexController->actionIndex()
#3 /home/jacky/Sites/yii/framework/web/CController.php(308): CInlineAction->runWithParams(Array)
#4 /home/jacky/Sites/yii/framework/web/CController.php(286): CController->runAction(Object(CInlineAction))
#5 /home/jacky/Sites/yii/framework/web/CController.php(265): CController->runActionWithFilters(Object(CInlineAction), Array)
#6 /home/jacky/Sites/yii/framework/web/CWebApplication.php(282): CController->run('')
#7 /home/jacky/Sites/yii/framework/web/CWebApplication.php(141): CWebApplication->runController('')
#8 /home/jacky/Sites/yii/framework/base/CApplication.php(169): CWebApplication->processRequest()
#9 /home/jacky/Sites/yii/apfreelancer/index.php(13): CApplication->run()
#10 {main}
REQUEST_URI=/
---
2013/06/24 17:39:55 [error] [exception.CException] exception 'CException' with message 'IndexController cannot find the requested view "index".' in /home/jacky/Sites/yii/framework/web/CController.php:878
Stack trace:
#0 /home/jacky/Sites/yii/framework/web/CController.php(782): CController->renderPartial('index', Array, true)
#1 /home/jacky/Sites/yii/apfreelancer/protected/controllers/IndexController.php(20): CController->render('index', Array)
#2 /home/jacky/Sites/yii/framework/web/actions/CInlineAction.php(49): IndexController->actionIndex()
#3 /home/jacky/Sites/yii/framework/web/CController.php(308): CInlineAction->runWithParams(Array)
#4 /home/jacky/Sites/yii/framework/web/CController.php(286): CController->runAction(Object(CInlineAction))
#5 /home/jacky/Sites/yii/framework/web/CController.php(265): CController->runActionWithFilters(Object(CInlineAction), Array)
#6 /home/jacky/Sites/yii/framework/web/CWebApplication.php(282): CController->run('')
#7 /home/jacky/Sites/yii/framework/web/CWebApplication.php(141): CWebApplication->runController('')
#8 /home/jacky/Sites/yii/framework/base/CApplication.php(169): CWebApplication->processRequest()
#9 /home/jacky/Sites/yii/apfreelancer/index.php(13): CApplication->run()
#10 {main}
REQUEST_URI=/
---
2013/06/24 17:39:55 [error] [exception.CException] exception 'CException' with message 'IndexController cannot find the requested view "index".' in /home/jacky/Sites/yii/framework/web/CController.php:878
Stack trace:
#0 /home/jacky/Sites/yii/framework/web/CController.php(782): CController->renderPartial('index', Array, true)
#1 /home/jacky/Sites/yii/apfreelancer/protected/controllers/IndexController.php(20): CController->render('index', Array)
#2 /home/jacky/Sites/yii/framework/web/actions/CInlineAction.php(49): IndexController->actionIndex()
#3 /home/jacky/Sites/yii/framework/web/CController.php(308): CInlineAction->runWithParams(Array)
#4 /home/jacky/Sites/yii/framework/web/CController.php(286): CController->runAction(Object(CInlineAction))
#5 /home/jacky/Sites/yii/framework/web/CController.php(265): CController->runActionWithFilters(Object(CInlineAction), Array)
#6 /home/jacky/Sites/yii/framework/web/CWebApplication.php(282): CController->run('')
#7 /home/jacky/Sites/yii/framework/web/CWebApplication.php(141): CWebApplication->runController('')
#8 /home/jacky/Sites/yii/framework/base/CApplication.php(169): CWebApplication->processRequest()
#9 /home/jacky/Sites/yii/apfreelancer/index.php(13): CApplication->run()
#10 {main}
REQUEST_URI=/
---
2013/06/24 17:39:56 [error] [exception.CException] exception 'CException' with message 'IndexController cannot find the requested view "index".' in /home/jacky/Sites/yii/framework/web/CController.php:878
Stack trace:
#0 /home/jacky/Sites/yii/framework/web/CController.php(782): CController->renderPartial('index', Array, true)
#1 /home/jacky/Sites/yii/apfreelancer/protected/controllers/IndexController.php(20): CController->render('index', Array)
#2 /home/jacky/Sites/yii/framework/web/actions/CInlineAction.php(49): IndexController->actionIndex()
#3 /home/jacky/Sites/yii/framework/web/CController.php(308): CInlineAction->runWithParams(Array)
#4 /home/jacky/Sites/yii/framework/web/CController.php(286): CController->runAction(Object(CInlineAction))
#5 /home/jacky/Sites/yii/framework/web/CController.php(265): CController->runActionWithFilters(Object(CInlineAction), Array)
#6 /home/jacky/Sites/yii/framework/web/CWebApplication.php(282): CController->run('')
#7 /home/jacky/Sites/yii/framework/web/CWebApplication.php(141): CWebApplication->runController('')
#8 /home/jacky/Sites/yii/framework/base/CApplication.php(169): CWebApplication->processRequest()
#9 /home/jacky/Sites/yii/apfreelancer/index.php(13): CApplication->run()
#10 {main}
REQUEST_URI=/
---
